<?xml version="1.0" encoding="UTF-8"?>
<testng-results ignored="0" total="1" passed="1" failed="0" skipped="0">
  <reporter-output>
  </reporter-output>
  <suite started-at="2023-06-12T20:47:37 IST" name="Default suite" finished-at="2023-06-12T20:47:54 IST" duration-ms="16477">
    <groups>
    </groups>
    <test started-at="2023-06-12T20:47:37 IST" name="Default test" finished-at="2023-06-12T20:47:54 IST" duration-ms="16477">
      <class name="testNGDemo.ExtendedReportClass">
        <test-method is-config="true" signature="setup()[pri:0, instance:testNGDemo.ExtendedReportClass@205d38da]" started-at="2023-06-12T20:47:13 IST" name="setup" finished-at="2023-06-12T20:47:37 IST" duration-ms="24203" status="PASS">
          <reporter-output>
          </reporter-output>
        </test-method> <!-- setup -->
        <test-method signature="loginTest()[pri:0, instance:testNGDemo.ExtendedReportClass@205d38da]" started-at="2023-06-12T20:47:38 IST" name="loginTest" finished-at="2023-06-12T20:47:54 IST" duration-ms="16147" status="PASS">
          <reporter-output>
          </reporter-output>
        </test-method> <!-- loginTest -->
      </class> <!-- testNGDemo.ExtendedReportClass -->
    </test> <!-- Default test -->
  </suite> <!-- Default suite -->
</testng-results>
